<?xml version="1.0" encoding="UTF-8"?>
<testsuite xmlns:xsi="http://www.w3.org/2001/XMLSchema-instance" xsi:noNamespaceSchemaLocation="https://maven.apache.org/surefire/maven-surefire-plugin/xsd/surefire-test-report.xsd" name="com.example.appengine.java8.HelloAppEngineTest(sponge_log)" time="1.131" tests="2" errors="0" skipped="0" failures="0">
  <properties>
    <property name="sun.desktop" value="windows"/>
    <property name="awt.toolkit" value="sun.awt.windows.WToolkit"/>
    <property name="file.encoding.pkg" value="sun.io"/>
    <property name="java.specification.version" value="1.8"/>
    <property name="sun.cpu.isalist" value="amd64"/>
    <property name="sun.jnu.encoding" value="Cp1252"/>
    <property name="java.class.path" value="C:\Users\ttozser\Downloads\getting-started-java-master\getting-started-java-master\appengine-standard-java8\helloworld\target\test-classes;C:\Users\ttozser\Downloads\getting-started-java-master\getting-started-java-master\appengine-standard-java8\helloworld\target\helloworld-1.0-SNAPSHOT\WEB-INF\classes;C:\Users\ttozser\.m2\repository\com\google\appengine\appengine-api-1.0-sdk\1.9.69\appengine-api-1.0-sdk-1.9.69.jar;C:\Users\ttozser\.m2\repository\javax\servlet\javax.servlet-api\3.1.0\javax.servlet-api-3.1.0.jar;C:\Users\ttozser\.m2\repository\com\google\appengine\appengine-testing\1.9.69\appengine-testing-1.9.69.jar;C:\Users\ttozser\.m2\repository\com\google\appengine\appengine-api-stubs\1.9.69\appengine-api-stubs-1.9.69.jar;C:\Users\ttozser\.m2\repository\com\google\appengine\appengine-tools-sdk\1.9.69\appengine-tools-sdk-1.9.69.jar;C:\Users\ttozser\.m2\repository\com\google\truth\truth\0.42\truth-0.42.jar;C:\Users\ttozser\.m2\repository\com\google\guava\guava\25.1-android\guava-25.1-android.jar;C:\Users\ttozser\.m2\repository\com\google\code\findbugs\jsr305\3.0.2\jsr305-3.0.2.jar;C:\Users\ttozser\.m2\repository\com\google\j2objc\j2objc-annotations\1.1\j2objc-annotations-1.1.jar;C:\Users\ttozser\.m2\repository\org\codehaus\mojo\animal-sniffer-annotations\1.14\animal-sniffer-annotations-1.14.jar;C:\Users\ttozser\.m2\repository\org\checkerframework\checker-compat-qual\2.5.3\checker-compat-qual-2.5.3.jar;C:\Users\ttozser\.m2\repository\org\checkerframework\checker-qual\2.5.3\checker-qual-2.5.3.jar;C:\Users\ttozser\.m2\repository\com\googlecode\java-diff-utils\diffutils\1.3.0\diffutils-1.3.0.jar;C:\Users\ttozser\.m2\repository\com\google\auto\value\auto-value-annotations\1.6.2\auto-value-annotations-1.6.2.jar;C:\Users\ttozser\.m2\repository\com\google\errorprone\error_prone_annotations\2.3.1\error_prone_annotations-2.3.1.jar;C:\Users\ttozser\.m2\repository\junit\junit\4.13-beta-1\junit-4.13-beta-1.jar;C:\Users\ttozser\.m2\repository\org\hamcrest\hamcrest-core\1.3\hamcrest-core-1.3.jar;C:\Users\ttozser\.m2\repository\org\mockito\mockito-core\2.23.4\mockito-core-2.23.4.jar;C:\Users\ttozser\.m2\repository\net\bytebuddy\byte-buddy\1.9.3\byte-buddy-1.9.3.jar;C:\Users\ttozser\.m2\repository\net\bytebuddy\byte-buddy-agent\1.9.3\byte-buddy-agent-1.9.3.jar;C:\Users\ttozser\.m2\repository\org\objenesis\objenesis\2.6\objenesis-2.6.jar;"/>
    <property name="java.vm.vendor" value=""/>
    <property name="sun.arch.data.model" value="64"/>
    <property name="user.variant" value=""/>
    <property name="java.vendor.url" value="http://java.oracle.com/"/>
    <property name="user.timezone" value=""/>
    <property name="java.vm.specification.version" value="1.8"/>
    <property name="os.name" value="Windows 10"/>
    <property name="user.country" value="GB"/>
    <property name="sun.java.launcher" value="SUN_STANDARD"/>
    <property name="sun.boot.library.path" value="C:\Program Files\AdoptOpenJDK\jdk-8.0.212.03-hotspot\jre\bin"/>
    <property name="sun.java.command" value="C:\Users\ttozser\AppData\Local\Temp\surefire8383527772247719041\surefirebooter2651600405295875214.jar C:\Users\ttozser\AppData\Local\Temp\surefire8383527772247719041 2019-08-23T13-08-05_319-jvmRun1 surefire5617091683277466326tmp surefire_02922081599614978643tmp"/>
    <property name="surefire.test.class.path" value="C:\Users\ttozser\Downloads\getting-started-java-master\getting-started-java-master\appengine-standard-java8\helloworld\target\test-classes;C:\Users\ttozser\Downloads\getting-started-java-master\getting-started-java-master\appengine-standard-java8\helloworld\target\helloworld-1.0-SNAPSHOT\WEB-INF\classes;C:\Users\ttozser\.m2\repository\com\google\appengine\appengine-api-1.0-sdk\1.9.69\appengine-api-1.0-sdk-1.9.69.jar;C:\Users\ttozser\.m2\repository\javax\servlet\javax.servlet-api\3.1.0\javax.servlet-api-3.1.0.jar;C:\Users\ttozser\.m2\repository\com\google\appengine\appengine-testing\1.9.69\appengine-testing-1.9.69.jar;C:\Users\ttozser\.m2\repository\com\google\appengine\appengine-api-stubs\1.9.69\appengine-api-stubs-1.9.69.jar;C:\Users\ttozser\.m2\repository\com\google\appengine\appengine-tools-sdk\1.9.69\appengine-tools-sdk-1.9.69.jar;C:\Users\ttozser\.m2\repository\com\google\truth\truth\0.42\truth-0.42.jar;C:\Users\ttozser\.m2\repository\com\google\guava\guava\25.1-android\guava-25.1-android.jar;C:\Users\ttozser\.m2\repository\com\google\code\findbugs\jsr305\3.0.2\jsr305-3.0.2.jar;C:\Users\ttozser\.m2\repository\com\google\j2objc\j2objc-annotations\1.1\j2objc-annotations-1.1.jar;C:\Users\ttozser\.m2\repository\org\codehaus\mojo\animal-sniffer-annotations\1.14\animal-sniffer-annotations-1.14.jar;C:\Users\ttozser\.m2\repository\org\checkerframework\checker-compat-qual\2.5.3\checker-compat-qual-2.5.3.jar;C:\Users\ttozser\.m2\repository\org\checkerframework\checker-qual\2.5.3\checker-qual-2.5.3.jar;C:\Users\ttozser\.m2\repository\com\googlecode\java-diff-utils\diffutils\1.3.0\diffutils-1.3.0.jar;C:\Users\ttozser\.m2\repository\com\google\auto\value\auto-value-annotations\1.6.2\auto-value-annotations-1.6.2.jar;C:\Users\ttozser\.m2\repository\com\google\errorprone\error_prone_annotations\2.3.1\error_prone_annotations-2.3.1.jar;C:\Users\ttozser\.m2\repository\junit\junit\4.13-beta-1\junit-4.13-beta-1.jar;C:\Users\ttozser\.m2\repository\org\hamcrest\hamcrest-core\1.3\hamcrest-core-1.3.jar;C:\Users\ttozser\.m2\repository\org\mockito\mockito-core\2.23.4\mockito-core-2.23.4.jar;C:\Users\ttozser\.m2\repository\net\bytebuddy\byte-buddy\1.9.3\byte-buddy-1.9.3.jar;C:\Users\ttozser\.m2\repository\net\bytebuddy\byte-buddy-agent\1.9.3\byte-buddy-agent-1.9.3.jar;C:\Users\ttozser\.m2\repository\org\objenesis\objenesis\2.6\objenesis-2.6.jar;"/>
    <property name="sun.cpu.endian" value="little"/>
    <property name="user.home" value="C:\Users\ttozser"/>
    <property name="user.language" value="en"/>
    <property name="java.specification.vendor" value="Oracle Corporation"/>
    <property name="java.home" value="C:\Program Files\AdoptOpenJDK\jdk-8.0.212.03-hotspot\jre"/>
    <property name="basedir" value="C:\Users\ttozser\Downloads\getting-started-java-master\getting-started-java-master\appengine-standard-java8\helloworld"/>
    <property name="file.separator" value="\"/>
    <property name="line.separator" value="&#10;"/>
    <property name="java.vm.specification.vendor" value="Oracle Corporation"/>
    <property name="java.specification.name" value="Java Platform API Specification"/>
    <property name="java.awt.graphicsenv" value="sun.awt.Win32GraphicsEnvironment"/>
    <property name="surefire.real.class.path" value="C:\Users\ttozser\AppData\Local\Temp\surefire8383527772247719041\surefirebooter2651600405295875214.jar;C:\\Users\\ttozser\\.m2\\repository\\org\\jacoco\\org.jacoco.agent\\0.7.9\\org.jacoco.agent-0.7.9-runtime.jar"/>
    <property name="sun.boot.class.path" value="C:\Program Files\AdoptOpenJDK\jdk-8.0.212.03-hotspot\jre\lib\resources.jar;C:\Program Files\AdoptOpenJDK\jdk-8.0.212.03-hotspot\jre\lib\rt.jar;C:\Program Files\AdoptOpenJDK\jdk-8.0.212.03-hotspot\jre\lib\sunrsasign.jar;C:\Program Files\AdoptOpenJDK\jdk-8.0.212.03-hotspot\jre\lib\jsse.jar;C:\Program Files\AdoptOpenJDK\jdk-8.0.212.03-hotspot\jre\lib\jce.jar;C:\Program Files\AdoptOpenJDK\jdk-8.0.212.03-hotspot\jre\lib\charsets.jar;C:\Program Files\AdoptOpenJDK\jdk-8.0.212.03-hotspot\jre\lib\jfr.jar;C:\Program Files\AdoptOpenJDK\jdk-8.0.212.03-hotspot\jre\classes"/>
    <property name="user.script" value=""/>
    <property name="sun.management.compiler" value="HotSpot 64-Bit Tiered Compilers"/>
    <property name="app.deploy.version" value="1"/>
    <property name="java.runtime.version" value="1.8.0_212-b03"/>
    <property name="user.name" value="ttozser"/>
    <property name="path.separator" value=";"/>
    <property name="os.version" value="10.0"/>
    <property name="java.endorsed.dirs" value="C:\Program Files\AdoptOpenJDK\jdk-8.0.212.03-hotspot\jre\lib\endorsed"/>
    <property name="java.runtime.name" value="OpenJDK Runtime Environment"/>
    <property name="file.encoding" value="Cp1252"/>
    <property name="java.vm.name" value="OpenJDK 64-Bit Server VM"/>
    <property name="localRepository" value="C:\Users\ttozser\.m2\repository"/>
    <property name="java.vendor.url.bug" value="http://bugreport.sun.com/bugreport/"/>
    <property name="java.io.tmpdir" value="C:\Users\ttozser\AppData\Local\Temp\"/>
    <property name="java.version" value="1.8.0_212"/>
    <property name="user.dir" value="C:\Users\ttozser\Downloads\getting-started-java-master\getting-started-java-master\appengine-standard-java8\helloworld"/>
    <property name="os.arch" value="amd64"/>
    <property name="java.vm.specification.name" value="Java Virtual Machine Specification"/>
    <property name="java.awt.printerjob" value="sun.awt.windows.WPrinterJob"/>
    <property name="sun.os.patch.level" value=""/>
    <property name="app.deploy.projectId" value="ttozser-da11e"/>
    <property name="java.library.path" value="C:\Program Files\AdoptOpenJDK\jdk-8.0.212.03-hotspot\jre\bin;C:\WINDOWS\Sun\Java\bin;C:\WINDOWS\system32;C:\WINDOWS;C:\Users\ttozser\bin;C:\Program Files\Git\mingw64\bin;C:\Program Files\Git\usr\local\bin;C:\Program Files\Git\usr\bin;C:\Program Files\Git\usr\bin;C:\Program Files\Git\mingw64\bin;C:\Program Files\Git\usr\bin;C:\Users\ttozser\bin;C:\Program Files\AdoptOpenJDK\jdk-8.0.212.03-hotspot\bin;C:\windows\system32;C:\windows;C:\windows\System32\Wbem;C:\windows\System32\WindowsPowerShell\v1.0;C:\windows\System32\OpenSSH;C:\Program Files (x86)\NVIDIA Corporation\PhysX\Common;C:\WINDOWS\system32;C:\WINDOWS;C:\WINDOWS\System32\Wbem;C:\WINDOWS\System32\WindowsPowerShell\v1.0;C:\WINDOWS\System32\OpenSSH;C:\Program Files (x86)\Intel\Intel(R) Management Engine Components\DAL;C:\Program Files\Intel\Intel(R) Management Engine Components\DAL;C:\Program Files\Intel\WiFi\bin;C:\Program Files\Common Files\Intel\WirelessCommon;C:\Users\ttozser\dev\apache-maven-3.6.1\bin;C:\Program Files\TortoiseGit\bin;C:\Program Files (x86)\Google\Cloud SDK\google-cloud-sdk\bin;C:\Users\ttozser\dev\gradle-5.5.1\bin;C:\Program Files\Git\cmd;C:\Users\ttozser\AppData\Local\Microsoft\WindowsApps;C:\Users\ttozser\AppData\Local\Programs\Microsoft VS Code\bin;C:\Program Files\Git\usr\bin\vendor_perl;C:\Program Files\Git\usr\bin\core_perl;."/>
    <property name="java.vm.info" value="mixed mode"/>
    <property name="java.vendor" value="AdoptOpenJDK"/>
    <property name="java.vm.version" value="25.212-b03"/>
    <property name="java.ext.dirs" value="C:\Program Files\AdoptOpenJDK\jdk-8.0.212.03-hotspot\jre\lib\ext;C:\WINDOWS\Sun\Java\lib\ext"/>
    <property name="sun.io.unicode.encoding" value="UnicodeLittle"/>
    <property name="java.class.version" value="52.0"/>
  </properties>
  <testcase name="helloInfoTest" classname="com.example.appengine.java8.HelloAppEngineTest(sponge_log)" time="1.006"/>
  <testcase name="doGetWritesResponse" classname="com.example.appengine.java8.HelloAppEngineTest(sponge_log)" time="0.01"/>
</testsuite>